536364141
144161123
746052600
410219783
736609748
855422778
412283326
766821433
480970252
299150511
501699434
611773930
456387946
822687202
692004802
478144439
683676453
475072898
677693306
544124746
553071221
752488022
874404983
248286714
75519724
440721011
343254814
557138552
241720781
498644329
14663089
181265978
296031369
52545784
857713215
102992351
565147331
264502490
896425023
192881437
201648477
375061169
240513735
294201567
412669224
675973061
126308823
133291941
119347911
341770759
159269622
494430546
354163427
600256123
979587053
137024580
37158842
654456972
412964435
121917166
978052946
467964476
693256266
128139387
117006914
926523598
128111033
959032915
526975505
356507915
317118402
616746625
867665762
102644576
886642036
408512852
821225193
558863329
745665139
866745037
552286899
781385713
984834331
543054539
562743389
203239013
778345921
929541875
770363888
379530835
963669713
668036573
982985433
44723470
713754255
949764656
715437221
358200538
308388388
711733340
627148426
715789698
258337846
361125458
325704937
449253009
939605068
695246125
707439026
159838191
481651665
732866547
93959090
97135997
48142432
309833069
529618994
711856453
720150540
220673487
531728835
785127721
84588377
363937496
321820426
994411701
142812766
647922019
203255277
668331423
417423001
519541350
494719410
328004726
295486912
730167133
718023748
377929384
624714201
881097602
302667383
222713111
314657525
939417894
325896339
125424451
947094661
555443241
457032576
804381837
282646782
317179966
265713549
311056310
748362953
56004399
926034400
98703198
931286991
804779602
694885630
996311129
20353940
562150616
480503382
621341953
253289602
442986601
601433745
254452267
642824937
819481546
730404391
223819326
586846671
208214217
172989653
406132567
563127829
780742351
291686969
85282525
295725561
79550726
779178854
975043973
920951796
982782168
698086797
569467490
14713034
576576332
203677119
408712301
867319032
201196683
434662710
982018321
223149667
117035264
153162456
697295552
65725900
703004228
273170543
302062723
533491093
651265614
269368150
268280897
666896042
531768777
607526020
191962652
292860471
294502578
520237558
456493074
335547815
474402508
199815751
311200870
270527124
352218264
450606781
664426769
420490250
806365477
259455621
919169927
804098000
528404375
358834668
184737946
208701587
222573356
171363384
267677233
448913552
593396366
295737327
318519079
613949794
576203969
193919252
835095455
130702429
334154209
252018981
133049818
866072548
63213908
741908923
839604052
280426399
229623926
754364442
940899960
663606571
948257770
790923714
458192922
538872478
230798656
276788104
175661166
751696015
685360064
805732449
558655605
858856692
289163441
51987852
776579050
988183131
221081891
272817909
978816322
258126781
575073524
274461040
77959365
726122611
672323460
257963660
840945374
721446326
570704268
276851552
767209027
971641457
795587719
285698253
386451053
520492718
326622232
993694517
758556365
365067051
640635507
216987907
992400290
340322786
679539373
490798678
402998129
500566067
795738397
313393866
305506455
828945525
149295646
533215131
271646676
542427350
507323455
986388724
398718841
251781270
53027930
15380019
298775861
328956583
262833404
880045139
264532559
249552155
358431317
44549443
442616119
734629805
638520664
812341026
347744567
147988206
281818697
379829668
325146652
732462063
738688934
405803377
997763959
923283018
268586628
992675877
403932843
254169389
669378265
649664276
641141138
945407323
330330322
185084513
145608285
553866044
962390953
586502415
697859290
696358498
310073287
325345860
310302272
419090821
17752753
409511816
326399268
353232266
852737366
806971192
160506998
382821415
801274355
121847264
299420220
999992823
603694984
908005279
820406560
564886392
773205617
283507912
930029326
931111465
98828002
746957963
350473273
9996459
53996949
679931302
355405948
835611723
10229629
793733979
422135688
411217757
307598809
790226061
868663788
117717702
837138944
832332637
783221322
106121953
97516460
324886194
100812917
168576533
394535023
271115609
907480408
348064634
269395569
536405513
943159999
787718149
205245232
470595530
339339629
452447999
276022972
914983879
382025104
428846471
131781498
235549698
635354738
601375252
879961583
721805673
388784611
524524081
894267027
51150790
814899982
615506639
500924707
208937503
844261832
400757224
837222842
903910170
579320262
658359574
74093946
75636525
500979921
648950078
167225286
727903225
614290882
905657743
647609602
264118139
83363780
940344778
743260141
250779658
685769327
419110433
808210439
328944419
510149030
190991969
872582197
273412405
735483161
543698862
715953427
458902120
285030976
920294797
357993471
337232768
306252921
331057912
162874509
830037039
29675125
122924156
120495698
507369491
933940914
894482596
97740724
763166484
267482562
751437919
588234467
210834707
544693082
807998220
897765071
102554788
13046975
893222917
408992318
391716750
613487115
142173662
133533641
